<?xml version="1.0" encoding="UTF-8"?>
<testsuite name="invadem.InvaderTest" tests="1" skipped="0" failures="0" errors="0" timestamp="2019-11-06T15:02:10" hostname="Z390" time="0.037">
  <properties/>
  <testcase name="testRegularInvaderScore" classname="invadem.InvaderTest" time="0.037"/>
  <system-out><![CDATA[]]></system-out>
  <system-err><![CDATA[]]></system-err>
</testsuite>
