<?xml version="1.0" encoding="UTF-8"?>
<testsuite name="invadem.BarriersTest" tests="2" skipped="0" failures="0" errors="0" timestamp="2019-11-10T13:13:33" hostname="Z390" time="0.002">
  <properties/>
  <testcase name="TestRepairBarrier" classname="invadem.BarriersTest" time="0.001"/>
  <testcase name="TestGetBarriers" classname="invadem.BarriersTest" time="0.0"/>
  <system-out><![CDATA[]]></system-out>
  <system-err><![CDATA[]]></system-err>
</testsuite>
